{"C:\\Users\\jasmi\\Dev\\CampusPubCompanion\\app\\components\\CreateAccountButton.js": {"path":"C:\\Users\\jasmi\\Dev\\CampusPubCompanion\\app\\components\\CreateAccountButton.js","statementMap":{"0":{"start":{"line":5,"column":2},"end":{"line":19,"column":4}},"1":{"start":{"line":8,"column":8},"end":{"line":8,"column":50}},"2":{"start":{"line":9,"column":8},"end":{"line":9,"column":31}},"3":{"start":{"line":9,"column":21},"end":{"line":9,"column":31}},"4":{"start":{"line":22,"column":15},"end":{"line":38,"column":2}}},"fnMap":{"0":{"name":"CreateAccountButton","decl":{"start":{"line":4,"column":24},"end":{"line":4,"column":43}},"loc":{"start":{"line":4,"column":75},"end":{"line":20,"column":1}},"line":4},"1":{"name":"(anonymous_1)","decl":{"start":{"line":7,"column":15},"end":{"line":7,"column":16}},"loc":{"start":{"line":7,"column":21},"end":{"line":10,"column":7}},"line":7}},"branchMap":{"0":{"loc":{"start":{"line":4,"column":55},"end":{"line":4,"column":71}},"type":"default-arg","locations":[{"start":{"line":4,"column":66},"end":{"line":4,"column":71}}],"line":4},"1":{"loc":{"start":{"line":9,"column":8},"end":{"line":9,"column":31}},"type":"if","locations":[{"start":{"line":9,"column":8},"end":{"line":9,"column":31}},{"start":{},"end":{}}],"line":9},"2":{"loc":{"start":{"line":11,"column":29},"end":{"line":11,"column":62}},"type":"binary-expr","locations":[{"start":{"line":11,"column":29},"end":{"line":11,"column":37}},{"start":{"line":11,"column":41},"end":{"line":11,"column":62}}],"line":11},"3":{"loc":{"start":{"line":16,"column":9},"end":{"line":16,"column":60}},"type":"cond-expr","locations":[{"start":{"line":16,"column":20},"end":{"line":16,"column":41}},{"start":{"line":16,"column":44},"end":{"line":16,"column":60}}],"line":16}},"s":{"0":0,"1":0,"2":0,"3":0,"4":1},"f":{"0":0,"1":0},"b":{"0":[0],"1":[0,0],"2":[0,0],"3":[0,0]},"_coverageSchema":"1a1c01bbd47fc00a2c39e90264f33305004495a9","hash":"e83feea94039ecdd2573bf21da8cc5f953521278"}
,"C:\\Users\\jasmi\\Dev\\CampusPubCompanion\\app\\components\\LoginButton.js": {"path":"C:\\Users\\jasmi\\Dev\\CampusPubCompanion\\app\\components\\LoginButton.js","statementMap":{"0":{"start":{"line":5,"column":2},"end":{"line":21,"column":4}},"1":{"start":{"line":9,"column":8},"end":{"line":9,"column":42}},"2":{"start":{"line":10,"column":8},"end":{"line":12,"column":9}},"3":{"start":{"line":11,"column":10},"end":{"line":11,"column":20}},"4":{"start":{"line":24,"column":15},"end":{"line":40,"column":2}}},"fnMap":{"0":{"name":"LoginButton","decl":{"start":{"line":4,"column":24},"end":{"line":4,"column":35}},"loc":{"start":{"line":4,"column":67},"end":{"line":22,"column":1}},"line":4},"1":{"name":"(anonymous_1)","decl":{"start":{"line":8,"column":15},"end":{"line":8,"column":16}},"loc":{"start":{"line":8,"column":21},"end":{"line":13,"column":7}},"line":8}},"branchMap":{"0":{"loc":{"start":{"line":4,"column":47},"end":{"line":4,"column":63}},"type":"default-arg","locations":[{"start":{"line":4,"column":58},"end":{"line":4,"column":63}}],"line":4},"1":{"loc":{"start":{"line":7,"column":29},"end":{"line":7,"column":62}},"type":"binary-expr","locations":[{"start":{"line":7,"column":29},"end":{"line":7,"column":37}},{"start":{"line":7,"column":41},"end":{"line":7,"column":62}}],"line":7},"2":{"loc":{"start":{"line":10,"column":8},"end":{"line":12,"column":9}},"type":"if","locations":[{"start":{"line":10,"column":8},"end":{"line":12,"column":9}},{"start":{},"end":{}}],"line":10},"3":{"loc":{"start":{"line":10,"column":12},"end":{"line":10,"column":32}},"type":"binary-expr","locations":[{"start":{"line":10,"column":12},"end":{"line":10,"column":21}},{"start":{"line":10,"column":25},"end":{"line":10,"column":32}}],"line":10},"4":{"loc":{"start":{"line":18,"column":9},"end":{"line":18,"column":45}},"type":"cond-expr","locations":[{"start":{"line":18,"column":20},"end":{"line":18,"column":35}},{"start":{"line":18,"column":38},"end":{"line":18,"column":45}}],"line":18}},"s":{"0":1,"1":0,"2":0,"3":0,"4":1},"f":{"0":1,"1":0},"b":{"0":[1],"1":[1,0],"2":[0,0],"3":[0,0],"4":[0,1]},"_coverageSchema":"1a1c01bbd47fc00a2c39e90264f33305004495a9","hash":"5b881f43b72dcd3409d20bfeab11e59425e8a0e1"}
,"C:\\Users\\jasmi\\Dev\\CampusPubCompanion\\app\\context\\AuthContext.js": {"path":"C:\\Users\\jasmi\\Dev\\CampusPubCompanion\\app\\context\\AuthContext.js","statementMap":{"0":{"start":{"line":6,"column":20},"end":{"line":6,"column":35}},"1":{"start":{"line":9,"column":26},"end":{"line":9,"column":40}},"2":{"start":{"line":10,"column":40},"end":{"line":10,"column":54}},"3":{"start":{"line":11,"column":32},"end":{"line":11,"column":46}},"4":{"start":{"line":13,"column":2},"end":{"line":38,"column":9}},"5":{"start":{"line":14,"column":24},"end":{"line":35,"column":6}},"6":{"start":{"line":15,"column":6},"end":{"line":15,"column":28}},"7":{"start":{"line":17,"column":6},"end":{"line":32,"column":7}},"8":{"start":{"line":18,"column":8},"end":{"line":29,"column":9}},"9":{"start":{"line":19,"column":26},"end":{"line":19,"column":60}},"10":{"start":{"line":20,"column":27},"end":{"line":20,"column":48}},"11":{"start":{"line":22,"column":10},"end":{"line":26,"column":11}},"12":{"start":{"line":23,"column":12},"end":{"line":23,"column":44}},"13":{"start":{"line":25,"column":12},"end":{"line":25,"column":33}},"14":{"start":{"line":28,"column":10},"end":{"line":28,"column":55}},"15":{"start":{"line":31,"column":8},"end":{"line":31,"column":29}},"16":{"start":{"line":34,"column":6},"end":{"line":34,"column":24}},"17":{"start":{"line":37,"column":4},"end":{"line":37,"column":23}},"18":{"start":{"line":40,"column":17},"end":{"line":42,"column":3}},"19":{"start":{"line":41,"column":4},"end":{"line":41,"column":24}},"20":{"start":{"line":44,"column":2},"end":{"line":57,"column":4}},"21":{"start":{"line":61,"column":2},"end":{"line":61,"column":33}}},"fnMap":{"0":{"name":"AuthProvider","decl":{"start":{"line":8,"column":16},"end":{"line":8,"column":28}},"loc":{"start":{"line":8,"column":43},"end":{"line":58,"column":1}},"line":8},"1":{"name":"(anonymous_1)","decl":{"start":{"line":13,"column":12},"end":{"line":13,"column":13}},"loc":{"start":{"line":13,"column":18},"end":{"line":38,"column":3}},"line":13},"2":{"name":"(anonymous_2)","decl":{"start":{"line":14,"column":49},"end":{"line":14,"column":50}},"loc":{"start":{"line":14,"column":73},"end":{"line":35,"column":5}},"line":14},"3":{"name":"(anonymous_3)","decl":{"start":{"line":40,"column":17},"end":{"line":40,"column":18}},"loc":{"start":{"line":40,"column":29},"end":{"line":42,"column":3}},"line":40},"4":{"name":"useAuth","decl":{"start":{"line":60,"column":16},"end":{"line":60,"column":23}},"loc":{"start":{"line":60,"column":26},"end":{"line":62,"column":1}},"line":60}},"branchMap":{"0":{"loc":{"start":{"line":17,"column":6},"end":{"line":32,"column":7}},"type":"if","locations":[{"start":{"line":17,"column":6},"end":{"line":32,"column":7}},{"start":{"line":30,"column":13},"end":{"line":32,"column":7}}],"line":17},"1":{"loc":{"start":{"line":22,"column":10},"end":{"line":26,"column":11}},"type":"if","locations":[{"start":{"line":22,"column":10},"end":{"line":26,"column":11}},{"start":{"line":24,"column":17},"end":{"line":26,"column":11}}],"line":22}},"s":{"0":1,"1":0,"2":0,"3":0,"4":0,"5":0,"6":0,"7":0,"8":0,"9":0,"10":0,"11":0,"12":0,"13":0,"14":0,"15":0,"16":0,"17":0,"18":0,"19":0,"20":0,"21":0},"f":{"0":0,"1":0,"2":0,"3":0,"4":0},"b":{"0":[0,0],"1":[0,0]},"_coverageSchema":"1a1c01bbd47fc00a2c39e90264f33305004495a9","hash":"a85bb90e41a7f2dba37c6ebf4892afd3f1062473"}
,"C:\\Users\\jasmi\\Dev\\CampusPubCompanion\\app\\context\\CartContext.js": {"path":"C:\\Users\\jasmi\\Dev\\CampusPubCompanion\\app\\context\\CartContext.js","statementMap":{"0":{"start":{"line":5,"column":20},"end":{"line":5,"column":35}},"1":{"start":{"line":8,"column":36},"end":{"line":8,"column":48}},"2":{"start":{"line":9,"column":36},"end":{"line":9,"column":48}},"3":{"start":{"line":10,"column":19},"end":{"line":10,"column":28}},"4":{"start":{"line":12,"column":17},"end":{"line":12,"column":26}},"5":{"start":{"line":14,"column":2},"end":{"line":30,"column":15}},"6":{"start":{"line":15,"column":26},"end":{"line":27,"column":5}},"7":{"start":{"line":16,"column":6},"end":{"line":19,"column":7}},"8":{"start":{"line":17,"column":8},"end":{"line":17,"column":25}},"9":{"start":{"line":18,"column":8},"end":{"line":18,"column":15}},"10":{"start":{"line":21,"column":6},"end":{"line":26,"column":7}},"11":{"start":{"line":22,"column":22},"end":{"line":22,"column":48}},"12":{"start":{"line":23,"column":8},"end":{"line":23,"column":28}},"13":{"start":{"line":25,"column":8},"end":{"line":25,"column":55}},"14":{"start":{"line":29,"column":4},"end":{"line":29,"column":20}},"15":{"start":{"line":32,"column":20},"end":{"line":44,"column":3}},"16":{"start":{"line":33,"column":4},"end":{"line":43,"column":7}},"17":{"start":{"line":34,"column":23},"end":{"line":34,"column":62}},"18":{"start":{"line":34,"column":40},"end":{"line":34,"column":61}},"19":{"start":{"line":36,"column":6},"end":{"line":40,"column":7}},"20":{"start":{"line":37,"column":8},"end":{"line":39,"column":10}},"21":{"start":{"line":38,"column":10},"end":{"line":38,"column":72}},"22":{"start":{"line":42,"column":6},"end":{"line":42,"column":46}},"23":{"start":{"line":46,"column":27},"end":{"line":52,"column":3}},"24":{"start":{"line":47,"column":4},"end":{"line":51,"column":6}},"25":{"start":{"line":48,"column":6},"end":{"line":50,"column":7}},"26":{"start":{"line":49,"column":8},"end":{"line":49,"column":65}},"27":{"start":{"line":54,"column":27},"end":{"line":62,"column":3}},"28":{"start":{"line":55,"column":4},"end":{"line":61,"column":6}},"29":{"start":{"line":56,"column":6},"end":{"line":60,"column":7}},"30":{"start":{"line":57,"column":8},"end":{"line":59,"column":13}},"31":{"start":{"line":64,"column":25},"end":{"line":66,"column":3}},"32":{"start":{"line":65,"column":4},"end":{"line":65,"column":65}},"33":{"start":{"line":65,"column":27},"end":{"line":65,"column":63}},"34":{"start":{"line":65,"column":46},"end":{"line":65,"column":62}},"35":{"start":{"line":68,"column":20},"end":{"line":70,"column":3}},"36":{"start":{"line":69,"column":4},"end":{"line":69,"column":21}},"37":{"start":{"line":72,"column":25},"end":{"line":83,"column":3}},"38":{"start":{"line":73,"column":22},"end":{"line":80,"column":7}},"39":{"start":{"line":73,"column":43},"end":{"line":80,"column":5}},"40":{"start":{"line":82,"column":4},"end":{"line":82,"column":28}},"41":{"start":{"line":85,"column":22},"end":{"line":85,"column":68}},"42":{"start":{"line":85,"column":30},"end":{"line":85,"column":68}},"43":{"start":{"line":85,"column":54},"end":{"line":85,"column":67}},"44":{"start":{"line":87,"column":25},"end":{"line":111,"column":3}},"45":{"start":{"line":88,"column":4},"end":{"line":88,"column":53}},"46":{"start":{"line":89,"column":4},"end":{"line":89,"column":40}},"47":{"start":{"line":91,"column":4},"end":{"line":94,"column":5}},"48":{"start":{"line":92,"column":6},"end":{"line":92,"column":37}},"49":{"start":{"line":93,"column":6},"end":{"line":93,"column":13}},"50":{"start":{"line":96,"column":28},"end":{"line":96,"column":71}},"51":{"start":{"line":96,"column":52},"end":{"line":96,"column":70}},"52":{"start":{"line":98,"column":4},"end":{"line":110,"column":5}},"53":{"start":{"line":99,"column":6},"end":{"line":107,"column":7}},"54":{"start":{"line":100,"column":8},"end":{"line":100,"column":73}},"55":{"start":{"line":100,"column":31},"end":{"line":100,"column":71}},"56":{"start":{"line":100,"column":52},"end":{"line":100,"column":70}},"57":{"start":{"line":101,"column":8},"end":{"line":101,"column":46}},"58":{"start":{"line":102,"column":8},"end":{"line":102,"column":46}},"59":{"start":{"line":104,"column":8},"end":{"line":104,"column":48}},"60":{"start":{"line":104,"column":31},"end":{"line":104,"column":46}},"61":{"start":{"line":105,"column":8},"end":{"line":105,"column":40}},"62":{"start":{"line":106,"column":8},"end":{"line":106,"column":42}},"63":{"start":{"line":109,"column":6},"end":{"line":109,"column":44}},"64":{"start":{"line":113,"column":2},"end":{"line":130,"column":4}},"65":{"start":{"line":133,"column":28},"end":{"line":141,"column":1}},"66":{"start":{"line":134,"column":18},"end":{"line":134,"column":41}},"67":{"start":{"line":136,"column":2},"end":{"line":138,"column":3}},"68":{"start":{"line":137,"column":4},"end":{"line":137,"column":69}},"69":{"start":{"line":140,"column":2},"end":{"line":140,"column":17}}},"fnMap":{"0":{"name":"CartProvider","decl":{"start":{"line":7,"column":16},"end":{"line":7,"column":28}},"loc":{"start":{"line":7,"column":43},"end":{"line":131,"column":1}},"line":7},"1":{"name":"(anonymous_1)","decl":{"start":{"line":14,"column":12},"end":{"line":14,"column":13}},"loc":{"start":{"line":14,"column":18},"end":{"line":30,"column":3}},"line":14},"2":{"name":"(anonymous_2)","decl":{"start":{"line":15,"column":26},"end":{"line":15,"column":27}},"loc":{"start":{"line":15,"column":38},"end":{"line":27,"column":5}},"line":15},"3":{"name":"(anonymous_3)","decl":{"start":{"line":32,"column":20},"end":{"line":32,"column":21}},"loc":{"start":{"line":32,"column":30},"end":{"line":44,"column":3}},"line":32},"4":{"name":"(anonymous_4)","decl":{"start":{"line":33,"column":17},"end":{"line":33,"column":18}},"loc":{"start":{"line":33,"column":27},"end":{"line":43,"column":5}},"line":33},"5":{"name":"(anonymous_5)","decl":{"start":{"line":34,"column":33},"end":{"line":34,"column":34}},"loc":{"start":{"line":34,"column":40},"end":{"line":34,"column":61}},"line":34},"6":{"name":"(anonymous_6)","decl":{"start":{"line":37,"column":24},"end":{"line":37,"column":25}},"loc":{"start":{"line":38,"column":10},"end":{"line":38,"column":72}},"line":38},"7":{"name":"(anonymous_7)","decl":{"start":{"line":46,"column":27},"end":{"line":46,"column":28}},"loc":{"start":{"line":46,"column":35},"end":{"line":52,"column":3}},"line":46},"8":{"name":"(anonymous_8)","decl":{"start":{"line":47,"column":17},"end":{"line":47,"column":18}},"loc":{"start":{"line":48,"column":6},"end":{"line":50,"column":7}},"line":48},"9":{"name":"(anonymous_9)","decl":{"start":{"line":48,"column":15},"end":{"line":48,"column":16}},"loc":{"start":{"line":49,"column":8},"end":{"line":49,"column":65}},"line":49},"10":{"name":"(anonymous_10)","decl":{"start":{"line":54,"column":27},"end":{"line":54,"column":28}},"loc":{"start":{"line":54,"column":35},"end":{"line":62,"column":3}},"line":54},"11":{"name":"(anonymous_11)","decl":{"start":{"line":55,"column":17},"end":{"line":55,"column":18}},"loc":{"start":{"line":56,"column":6},"end":{"line":60,"column":7}},"line":56},"12":{"name":"(anonymous_12)","decl":{"start":{"line":56,"column":15},"end":{"line":56,"column":16}},"loc":{"start":{"line":57,"column":8},"end":{"line":59,"column":13}},"line":57},"13":{"name":"(anonymous_13)","decl":{"start":{"line":64,"column":25},"end":{"line":64,"column":26}},"loc":{"start":{"line":64,"column":33},"end":{"line":66,"column":3}},"line":64},"14":{"name":"(anonymous_14)","decl":{"start":{"line":65,"column":17},"end":{"line":65,"column":18}},"loc":{"start":{"line":65,"column":27},"end":{"line":65,"column":63}},"line":65},"15":{"name":"(anonymous_15)","decl":{"start":{"line":65,"column":39},"end":{"line":65,"column":40}},"loc":{"start":{"line":65,"column":46},"end":{"line":65,"column":62}},"line":65},"16":{"name":"(anonymous_16)","decl":{"start":{"line":68,"column":20},"end":{"line":68,"column":21}},"loc":{"start":{"line":68,"column":26},"end":{"line":70,"column":3}},"line":68},"17":{"name":"(anonymous_17)","decl":{"start":{"line":72,"column":25},"end":{"line":72,"column":26}},"loc":{"start":{"line":72,"column":36},"end":{"line":83,"column":3}},"line":72},"18":{"name":"(anonymous_18)","decl":{"start":{"line":73,"column":32},"end":{"line":73,"column":33}},"loc":{"start":{"line":73,"column":43},"end":{"line":80,"column":5}},"line":73},"19":{"name":"(anonymous_19)","decl":{"start":{"line":85,"column":22},"end":{"line":85,"column":23}},"loc":{"start":{"line":85,"column":30},"end":{"line":85,"column":68}},"line":85},"20":{"name":"(anonymous_20)","decl":{"start":{"line":85,"column":45},"end":{"line":85,"column":46}},"loc":{"start":{"line":85,"column":54},"end":{"line":85,"column":67}},"line":85},"21":{"name":"(anonymous_21)","decl":{"start":{"line":87,"column":25},"end":{"line":87,"column":26}},"loc":{"start":{"line":87,"column":41},"end":{"line":111,"column":3}},"line":87},"22":{"name":"(anonymous_22)","decl":{"start":{"line":96,"column":43},"end":{"line":96,"column":44}},"loc":{"start":{"line":96,"column":52},"end":{"line":96,"column":70}},"line":96},"23":{"name":"(anonymous_23)","decl":{"start":{"line":100,"column":21},"end":{"line":100,"column":22}},"loc":{"start":{"line":100,"column":31},"end":{"line":100,"column":71}},"line":100},"24":{"name":"(anonymous_24)","decl":{"start":{"line":100,"column":43},"end":{"line":100,"column":44}},"loc":{"start":{"line":100,"column":52},"end":{"line":100,"column":70}},"line":100},"25":{"name":"(anonymous_25)","decl":{"start":{"line":104,"column":21},"end":{"line":104,"column":22}},"loc":{"start":{"line":104,"column":31},"end":{"line":104,"column":46}},"line":104},"26":{"name":"(anonymous_26)","decl":{"start":{"line":133,"column":28},"end":{"line":133,"column":29}},"loc":{"start":{"line":133,"column":34},"end":{"line":141,"column":1}},"line":133}},"branchMap":{"0":{"loc":{"start":{"line":16,"column":6},"end":{"line":19,"column":7}},"type":"if","locations":[{"start":{"line":16,"column":6},"end":{"line":19,"column":7}},{"start":{},"end":{}}],"line":16},"1":{"loc":{"start":{"line":36,"column":6},"end":{"line":40,"column":7}},"type":"if","locations":[{"start":{"line":36,"column":6},"end":{"line":40,"column":7}},{"start":{},"end":{}}],"line":36},"2":{"loc":{"start":{"line":38,"column":10},"end":{"line":38,"column":72}},"type":"cond-expr","locations":[{"start":{"line":38,"column":34},"end":{"line":38,"column":68}},{"start":{"line":38,"column":71},"end":{"line":38,"column":72}}],"line":38},"3":{"loc":{"start":{"line":49,"column":8},"end":{"line":49,"column":65}},"type":"cond-expr","locations":[{"start":{"line":49,"column":27},"end":{"line":49,"column":61}},{"start":{"line":49,"column":64},"end":{"line":49,"column":65}}],"line":49},"4":{"loc":{"start":{"line":57,"column":8},"end":{"line":59,"column":13}},"type":"cond-expr","locations":[{"start":{"line":58,"column":12},"end":{"line":58,"column":46}},{"start":{"line":59,"column":12},"end":{"line":59,"column":13}}],"line":57},"5":{"loc":{"start":{"line":57,"column":8},"end":{"line":57,"column":42}},"type":"binary-expr","locations":[{"start":{"line":57,"column":8},"end":{"line":57,"column":24}},{"start":{"line":57,"column":28},"end":{"line":57,"column":42}}],"line":57},"6":{"loc":{"start":{"line":91,"column":4},"end":{"line":94,"column":5}},"type":"if","locations":[{"start":{"line":91,"column":4},"end":{"line":94,"column":5}},{"start":{},"end":{}}],"line":91},"7":{"loc":{"start":{"line":99,"column":6},"end":{"line":107,"column":7}},"type":"if","locations":[{"start":{"line":99,"column":6},"end":{"line":107,"column":7}},{"start":{"line":103,"column":13},"end":{"line":107,"column":7}}],"line":99},"8":{"loc":{"start":{"line":136,"column":2},"end":{"line":138,"column":3}},"type":"if","locations":[{"start":{"line":136,"column":2},"end":{"line":138,"column":3}},{"start":{},"end":{}}],"line":136}},"s":{"0":1,"1":0,"2":0,"3":0,"4":0,"5":0,"6":0,"7":0,"8":0,"9":0,"10":0,"11":0,"12":0,"13":0,"14":0,"15":0,"16":0,"17":0,"18":0,"19":0,"20":0,"21":0,"22":0,"23":0,"24":0,"25":0,"26":0,"27":0,"28":0,"29":0,"30":0,"31":0,"32":0,"33":0,"34":0,"35":0,"36":0,"37":0,"38":0,"39":0,"40":0,"41":0,"42":0,"43":0,"44":0,"45":0,"46":0,"47":0,"48":0,"49":0,"50":0,"51":0,"52":0,"53":0,"54":0,"55":0,"56":0,"57":0,"58":0,"59":0,"60":0,"61":0,"62":0,"63":0,"64":0,"65":1,"66":0,"67":0,"68":0,"69":0},"f":{"0":0,"1":0,"2":0,"3":0,"4":0,"5":0,"6":0,"7":0,"8":0,"9":0,"10":0,"11":0,"12":0,"13":0,"14":0,"15":0,"16":0,"17":0,"18":0,"19":0,"20":0,"21":0,"22":0,"23":0,"24":0,"25":0,"26":0},"b":{"0":[0,0],"1":[0,0],"2":[0,0],"3":[0,0],"4":[0,0],"5":[0,0],"6":[0,0],"7":[0,0],"8":[0,0]},"_coverageSchema":"1a1c01bbd47fc00a2c39e90264f33305004495a9","hash":"05ae83cfa7a734608d9460a3d907e6d67a3ce8e9"}
,"C:\\Users\\jasmi\\Dev\\CampusPubCompanion\\app\\screens\\CartScreen.js": {"path":"C:\\Users\\jasmi\\Dev\\CampusPubCompanion\\app\\screens\\CartScreen.js","statementMap":{"0":{"start":{"line":9,"column":76},"end":{"line":9,"column":90}},"1":{"start":{"line":10,"column":17},"end":{"line":10,"column":36}},"2":{"start":{"line":12,"column":16},"end":{"line":16,"column":7}},"3":{"start":{"line":13,"column":18},"end":{"line":13,"column":47}},"4":{"start":{"line":14,"column":16},"end":{"line":14,"column":42}},"5":{"start":{"line":15,"column":4},"end":{"line":15,"column":29}},"6":{"start":{"line":18,"column":20},"end":{"line":65,"column":3}},"7":{"start":{"line":19,"column":16},"end":{"line":19,"column":45}},"8":{"start":{"line":21,"column":4},"end":{"line":64,"column":6}},"9":{"start":{"line":35,"column":29},"end":{"line":35,"column":58}},"10":{"start":{"line":47,"column":29},"end":{"line":47,"column":58}},"11":{"start":{"line":56,"column":27},"end":{"line":56,"column":54}},"12":{"start":{"line":67,"column":2},"end":{"line":128,"column":4}},"13":{"start":{"line":73,"column":25},"end":{"line":73,"column":60}},"14":{"start":{"line":84,"column":27},"end":{"line":84,"column":78}},"15":{"start":{"line":94,"column":35},"end":{"line":94,"column":57}},"16":{"start":{"line":110,"column":31},"end":{"line":110,"column":82}},"17":{"start":{"line":118,"column":31},"end":{"line":118,"column":62}},"18":{"start":{"line":131,"column":15},"end":{"line":330,"column":2}}},"fnMap":{"0":{"name":"CartScreen","decl":{"start":{"line":8,"column":24},"end":{"line":8,"column":34}},"loc":{"start":{"line":8,"column":51},"end":{"line":129,"column":1}},"line":8},"1":{"name":"(anonymous_1)","decl":{"start":{"line":12,"column":33},"end":{"line":12,"column":34}},"loc":{"start":{"line":12,"column":47},"end":{"line":16,"column":3}},"line":12},"2":{"name":"(anonymous_2)","decl":{"start":{"line":18,"column":20},"end":{"line":18,"column":21}},"loc":{"start":{"line":18,"column":39},"end":{"line":65,"column":3}},"line":18},"3":{"name":"(anonymous_3)","decl":{"start":{"line":35,"column":23},"end":{"line":35,"column":24}},"loc":{"start":{"line":35,"column":29},"end":{"line":35,"column":58}},"line":35},"4":{"name":"(anonymous_4)","decl":{"start":{"line":47,"column":23},"end":{"line":47,"column":24}},"loc":{"start":{"line":47,"column":29},"end":{"line":47,"column":58}},"line":47},"5":{"name":"(anonymous_5)","decl":{"start":{"line":56,"column":21},"end":{"line":56,"column":22}},"loc":{"start":{"line":56,"column":27},"end":{"line":56,"column":54}},"line":56},"6":{"name":"(anonymous_6)","decl":{"start":{"line":73,"column":19},"end":{"line":73,"column":20}},"loc":{"start":{"line":73,"column":25},"end":{"line":73,"column":60}},"line":73},"7":{"name":"(anonymous_7)","decl":{"start":{"line":84,"column":21},"end":{"line":84,"column":22}},"loc":{"start":{"line":84,"column":27},"end":{"line":84,"column":78}},"line":84},"8":{"name":"(anonymous_8)","decl":{"start":{"line":94,"column":26},"end":{"line":94,"column":27}},"loc":{"start":{"line":94,"column":35},"end":{"line":94,"column":57}},"line":94},"9":{"name":"(anonymous_9)","decl":{"start":{"line":110,"column":25},"end":{"line":110,"column":26}},"loc":{"start":{"line":110,"column":31},"end":{"line":110,"column":82}},"line":110},"10":{"name":"(anonymous_10)","decl":{"start":{"line":118,"column":25},"end":{"line":118,"column":26}},"loc":{"start":{"line":118,"column":31},"end":{"line":118,"column":62}},"line":118}},"branchMap":{"0":{"loc":{"start":{"line":13,"column":18},"end":{"line":13,"column":47}},"type":"binary-expr","locations":[{"start":{"line":13,"column":18},"end":{"line":13,"column":42}},{"start":{"line":13,"column":46},"end":{"line":13,"column":47}}],"line":13},"1":{"loc":{"start":{"line":14,"column":16},"end":{"line":14,"column":42}},"type":"binary-expr","locations":[{"start":{"line":14,"column":16},"end":{"line":14,"column":37}},{"start":{"line":14,"column":41},"end":{"line":14,"column":42}}],"line":14},"2":{"loc":{"start":{"line":19,"column":16},"end":{"line":19,"column":45}},"type":"binary-expr","locations":[{"start":{"line":19,"column":16},"end":{"line":19,"column":40}},{"start":{"line":19,"column":44},"end":{"line":19,"column":45}}],"line":19},"3":{"loc":{"start":{"line":25,"column":13},"end":{"line":25,"column":38}},"type":"binary-expr","locations":[{"start":{"line":25,"column":13},"end":{"line":25,"column":28}},{"start":{"line":25,"column":32},"end":{"line":25,"column":38}}],"line":25},"4":{"loc":{"start":{"line":79,"column":7},"end":{"line":126,"column":7}},"type":"cond-expr","locations":[{"start":{"line":80,"column":8},"end":{"line":89,"column":15}},{"start":{"line":91,"column":8},"end":{"line":125,"column":11}}],"line":79}},"s":{"0":0,"1":0,"2":0,"3":0,"4":0,"5":0,"6":0,"7":0,"8":0,"9":0,"10":0,"11":0,"12":0,"13":0,"14":0,"15":0,"16":0,"17":0,"18":1},"f":{"0":0,"1":0,"2":0,"3":0,"4":0,"5":0,"6":0,"7":0,"8":0,"9":0,"10":0},"b":{"0":[0,0],"1":[0,0],"2":[0,0],"3":[0,0],"4":[0,0]},"_coverageSchema":"1a1c01bbd47fc00a2c39e90264f33305004495a9","hash":"998a000eb7a11cb5ecb28d3f512efdacb0a7734a"}
,"C:\\Users\\jasmi\\Dev\\CampusPubCompanion\\app\\screens\\FavoritesScreen.js": {"path":"C:\\Users\\jasmi\\Dev\\CampusPubCompanion\\app\\screens\\FavoritesScreen.js","statementMap":{"0":{"start":{"line":13,"column":40},"end":{"line":13,"column":54}},"1":{"start":{"line":15,"column":21},"end":{"line":40,"column":3}},"2":{"start":{"line":16,"column":18},"end":{"line":16,"column":41}},"3":{"start":{"line":17,"column":4},"end":{"line":39,"column":6}},"4":{"start":{"line":21,"column":23},"end":{"line":21,"column":66}},"5":{"start":{"line":34,"column":43},"end":{"line":34,"column":63}},"6":{"start":{"line":42,"column":2},"end":{"line":75,"column":4}},"7":{"start":{"line":46,"column":41},"end":{"line":46,"column":60}},"8":{"start":{"line":60,"column":27},"end":{"line":60,"column":54}},"9":{"start":{"line":68,"column":34},"end":{"line":68,"column":53}},"10":{"start":{"line":78,"column":15},"end":{"line":175,"column":2}}},"fnMap":{"0":{"name":"FavoritesScreen","decl":{"start":{"line":12,"column":24},"end":{"line":12,"column":39}},"loc":{"start":{"line":12,"column":56},"end":{"line":76,"column":1}},"line":12},"1":{"name":"(anonymous_1)","decl":{"start":{"line":15,"column":21},"end":{"line":15,"column":22}},"loc":{"start":{"line":15,"column":35},"end":{"line":40,"column":3}},"line":15},"2":{"name":"(anonymous_2)","decl":{"start":{"line":21,"column":17},"end":{"line":21,"column":18}},"loc":{"start":{"line":21,"column":23},"end":{"line":21,"column":66}},"line":21},"3":{"name":"(anonymous_3)","decl":{"start":{"line":34,"column":37},"end":{"line":34,"column":38}},"loc":{"start":{"line":34,"column":43},"end":{"line":34,"column":63}},"line":34},"4":{"name":"(anonymous_4)","decl":{"start":{"line":46,"column":35},"end":{"line":46,"column":36}},"loc":{"start":{"line":46,"column":41},"end":{"line":46,"column":60}},"line":46},"5":{"name":"(anonymous_5)","decl":{"start":{"line":60,"column":21},"end":{"line":60,"column":22}},"loc":{"start":{"line":60,"column":27},"end":{"line":60,"column":54}},"line":60},"6":{"name":"(anonymous_6)","decl":{"start":{"line":68,"column":24},"end":{"line":68,"column":25}},"loc":{"start":{"line":68,"column":34},"end":{"line":68,"column":53}},"line":68}},"branchMap":{"0":{"loc":{"start":{"line":16,"column":18},"end":{"line":16,"column":41}},"type":"binary-expr","locations":[{"start":{"line":16,"column":18},"end":{"line":16,"column":36}},{"start":{"line":16,"column":40},"end":{"line":16,"column":41}}],"line":16},"1":{"loc":{"start":{"line":27,"column":13},"end":{"line":31,"column":20}},"type":"cond-expr","locations":[{"start":{"line":28,"column":14},"end":{"line":30,"column":21}},{"start":{"line":31,"column":16},"end":{"line":31,"column":20}}],"line":27},"2":{"loc":{"start":{"line":53,"column":7},"end":{"line":73,"column":7}},"type":"cond-expr","locations":[{"start":{"line":54,"column":8},"end":{"line":64,"column":15}},{"start":{"line":66,"column":8},"end":{"line":72,"column":10}}],"line":53}},"s":{"0":0,"1":0,"2":0,"3":0,"4":0,"5":0,"6":0,"7":0,"8":0,"9":0,"10":1},"f":{"0":0,"1":0,"2":0,"3":0,"4":0,"5":0,"6":0},"b":{"0":[0,0],"1":[0,0],"2":[0,0]},"_coverageSchema":"1a1c01bbd47fc00a2c39e90264f33305004495a9","hash":"ec7df715c4e4724ec1e66e7c75fefbe57f9445e1"}
,"C:\\Users\\jasmi\\Dev\\CampusPubCompanion\\app\\screens\\HomeScreen.js": {"path":"C:\\Users\\jasmi\\Dev\\CampusPubCompanion\\app\\screens\\HomeScreen.js","statementMap":{"0":{"start":{"line":14,"column":20},"end":{"line":14,"column":50}},"1":{"start":{"line":17,"column":2},"end":{"line":17,"column":137}},"2":{"start":{"line":21,"column":32},"end":{"line":21,"column":41}},"3":{"start":{"line":22,"column":2},"end":{"line":88,"column":4}},"4":{"start":{"line":40,"column":29},"end":{"line":40,"column":56}},"5":{"start":{"line":68,"column":27},"end":{"line":68,"column":58}},"6":{"start":{"line":80,"column":27},"end":{"line":80,"column":54}},"7":{"start":{"line":91,"column":15},"end":{"line":177,"column":2}}},"fnMap":{"0":{"name":"HomeScreen","decl":{"start":{"line":20,"column":24},"end":{"line":20,"column":34}},"loc":{"start":{"line":20,"column":51},"end":{"line":89,"column":1}},"line":20},"1":{"name":"(anonymous_1)","decl":{"start":{"line":40,"column":23},"end":{"line":40,"column":24}},"loc":{"start":{"line":40,"column":29},"end":{"line":40,"column":56}},"line":40},"2":{"name":"(anonymous_2)","decl":{"start":{"line":68,"column":21},"end":{"line":68,"column":22}},"loc":{"start":{"line":68,"column":27},"end":{"line":68,"column":58}},"line":68},"3":{"name":"(anonymous_3)","decl":{"start":{"line":80,"column":21},"end":{"line":80,"column":22}},"loc":{"start":{"line":80,"column":27},"end":{"line":80,"column":54}},"line":80}},"branchMap":{"0":{"loc":{"start":{"line":29,"column":18},"end":{"line":29,"column":50}},"type":"binary-expr","locations":[{"start":{"line":29,"column":18},"end":{"line":29,"column":40}},{"start":{"line":29,"column":44},"end":{"line":29,"column":50}}],"line":29}},"s":{"0":1,"1":1,"2":0,"3":0,"4":0,"5":0,"6":0,"7":1},"f":{"0":0,"1":0,"2":0,"3":0},"b":{"0":[0,0]},"_coverageSchema":"1a1c01bbd47fc00a2c39e90264f33305004495a9","hash":"b7c8d5f8fe6d21f5c0c63e5ea6a4f1e8ba724800"}
,"C:\\Users\\jasmi\\Dev\\CampusPubCompanion\\app\\screens\\LoginScreen.js": {"path":"C:\\Users\\jasmi\\Dev\\CampusPubCompanion\\app\\screens\\LoginScreen.js","statementMap":{"0":{"start":{"line":26,"column":2},"end":{"line":26,"column":149}},"1":{"start":{"line":29,"column":21},"end":{"line":29,"column":36}},"2":{"start":{"line":30,"column":23},"end":{"line":30,"column":38}},"3":{"start":{"line":32,"column":33},"end":{"line":32,"column":45}},"4":{"start":{"line":33,"column":34},"end":{"line":33,"column":46}},"5":{"start":{"line":34,"column":32},"end":{"line":34,"column":47}},"6":{"start":{"line":36,"column":19},"end":{"line":61,"column":3}},"7":{"start":{"line":37,"column":23},"end":{"line":37,"column":49}},"8":{"start":{"line":38,"column":26},"end":{"line":38,"column":41}},"9":{"start":{"line":40,"column":4},"end":{"line":43,"column":5}},"10":{"start":{"line":41,"column":6},"end":{"line":41,"column":45}},"11":{"start":{"line":42,"column":6},"end":{"line":42,"column":19}},"12":{"start":{"line":45,"column":4},"end":{"line":48,"column":5}},"13":{"start":{"line":46,"column":6},"end":{"line":46,"column":74}},"14":{"start":{"line":47,"column":6},"end":{"line":47,"column":19}},"15":{"start":{"line":50,"column":4},"end":{"line":53,"column":5}},"16":{"start":{"line":51,"column":6},"end":{"line":51,"column":48}},"17":{"start":{"line":52,"column":6},"end":{"line":52,"column":19}},"18":{"start":{"line":55,"column":4},"end":{"line":58,"column":5}},"19":{"start":{"line":56,"column":6},"end":{"line":56,"column":78}},"20":{"start":{"line":57,"column":6},"end":{"line":57,"column":19}},"21":{"start":{"line":60,"column":4},"end":{"line":60,"column":16}},"22":{"start":{"line":63,"column":22},"end":{"line":145,"column":3}},"23":{"start":{"line":64,"column":4},"end":{"line":64,"column":24}},"24":{"start":{"line":64,"column":17},"end":{"line":64,"column":24}},"25":{"start":{"line":65,"column":4},"end":{"line":65,"column":28}},"26":{"start":{"line":65,"column":21},"end":{"line":65,"column":28}},"27":{"start":{"line":67,"column":23},"end":{"line":67,"column":49}},"28":{"start":{"line":68,"column":26},"end":{"line":68,"column":41}},"29":{"start":{"line":70,"column":4},"end":{"line":144,"column":5}},"30":{"start":{"line":71,"column":6},"end":{"line":71,"column":23}},"31":{"start":{"line":73,"column":29},"end":{"line":77,"column":7}},"32":{"start":{"line":79,"column":19},"end":{"line":79,"column":38}},"33":{"start":{"line":80,"column":6},"end":{"line":80,"column":26}},"34":{"start":{"line":83,"column":6},"end":{"line":113,"column":7}},"35":{"start":{"line":84,"column":8},"end":{"line":109,"column":10}},"36":{"start":{"line":91,"column":16},"end":{"line":104,"column":17}},"37":{"start":{"line":92,"column":18},"end":{"line":98,"column":19}},"38":{"start":{"line":93,"column":20},"end":{"line":93,"column":66}},"39":{"start":{"line":94,"column":20},"end":{"line":97,"column":22}},"40":{"start":{"line":100,"column":18},"end":{"line":103,"column":20}},"41":{"start":{"line":111,"column":8},"end":{"line":111,"column":28}},"42":{"start":{"line":112,"column":8},"end":{"line":112,"column":15}},"43":{"start":{"line":115,"column":6},"end":{"line":115,"column":27}},"44":{"start":{"line":116,"column":6},"end":{"line":116,"column":24}},"45":{"start":{"line":117,"column":6},"end":{"line":117,"column":22}},"46":{"start":{"line":119,"column":6},"end":{"line":129,"column":9}},"47":{"start":{"line":123,"column":12},"end":{"line":126,"column":15}},"48":{"start":{"line":131,"column":16},"end":{"line":131,"column":38}},"49":{"start":{"line":133,"column":6},"end":{"line":139,"column":7}},"50":{"start":{"line":134,"column":8},"end":{"line":134,"column":43}},"51":{"start":{"line":135,"column":13},"end":{"line":139,"column":7}},"52":{"start":{"line":136,"column":8},"end":{"line":136,"column":38}},"53":{"start":{"line":137,"column":13},"end":{"line":139,"column":7}},"54":{"start":{"line":138,"column":8},"end":{"line":138,"column":59}},"55":{"start":{"line":141,"column":6},"end":{"line":141,"column":38}},"56":{"start":{"line":143,"column":6},"end":{"line":143,"column":24}},"57":{"start":{"line":147,"column":2},"end":{"line":199,"column":4}},"58":{"start":{"line":151,"column":23},"end":{"line":151,"column":59}},"59":{"start":{"line":193,"column":27},"end":{"line":193,"column":63}},"60":{"start":{"line":202,"column":15},"end":{"line":262,"column":2}}},"fnMap":{"0":{"name":"LoginScreen","decl":{"start":{"line":28,"column":24},"end":{"line":28,"column":35}},"loc":{"start":{"line":28,"column":38},"end":{"line":200,"column":1}},"line":28},"1":{"name":"(anonymous_1)","decl":{"start":{"line":36,"column":19},"end":{"line":36,"column":20}},"loc":{"start":{"line":36,"column":25},"end":{"line":61,"column":3}},"line":36},"2":{"name":"(anonymous_2)","decl":{"start":{"line":63,"column":22},"end":{"line":63,"column":23}},"loc":{"start":{"line":63,"column":34},"end":{"line":145,"column":3}},"line":63},"3":{"name":"(anonymous_3)","decl":{"start":{"line":90,"column":23},"end":{"line":90,"column":24}},"loc":{"start":{"line":90,"column":35},"end":{"line":105,"column":15}},"line":90},"4":{"name":"(anonymous_4)","decl":{"start":{"line":122,"column":19},"end":{"line":122,"column":20}},"loc":{"start":{"line":122,"column":25},"end":{"line":127,"column":11}},"line":122},"5":{"name":"(anonymous_5)","decl":{"start":{"line":151,"column":17},"end":{"line":151,"column":18}},"loc":{"start":{"line":151,"column":23},"end":{"line":151,"column":59}},"line":151},"6":{"name":"(anonymous_6)","decl":{"start":{"line":193,"column":21},"end":{"line":193,"column":22}},"loc":{"start":{"line":193,"column":27},"end":{"line":193,"column":63}},"line":193}},"branchMap":{"0":{"loc":{"start":{"line":40,"column":4},"end":{"line":43,"column":5}},"type":"if","locations":[{"start":{"line":40,"column":4},"end":{"line":43,"column":5}},{"start":{},"end":{}}],"line":40},"1":{"loc":{"start":{"line":45,"column":4},"end":{"line":48,"column":5}},"type":"if","locations":[{"start":{"line":45,"column":4},"end":{"line":48,"column":5}},{"start":{},"end":{}}],"line":45},"2":{"loc":{"start":{"line":45,"column":8},"end":{"line":45,"column":62}},"type":"binary-expr","locations":[{"start":{"line":45,"column":8},"end":{"line":45,"column":33}},{"start":{"line":45,"column":37},"end":{"line":45,"column":62}}],"line":45},"3":{"loc":{"start":{"line":50,"column":4},"end":{"line":53,"column":5}},"type":"if","locations":[{"start":{"line":50,"column":4},"end":{"line":53,"column":5}},{"start":{},"end":{}}],"line":50},"4":{"loc":{"start":{"line":55,"column":4},"end":{"line":58,"column":5}},"type":"if","locations":[{"start":{"line":55,"column":4},"end":{"line":58,"column":5}},{"start":{},"end":{}}],"line":55},"5":{"loc":{"start":{"line":64,"column":4},"end":{"line":64,"column":24}},"type":"if","locations":[{"start":{"line":64,"column":4},"end":{"line":64,"column":24}},{"start":{},"end":{}}],"line":64},"6":{"loc":{"start":{"line":65,"column":4},"end":{"line":65,"column":28}},"type":"if","locations":[{"start":{"line":65,"column":4},"end":{"line":65,"column":28}},{"start":{},"end":{}}],"line":65},"7":{"loc":{"start":{"line":83,"column":6},"end":{"line":113,"column":7}},"type":"if","locations":[{"start":{"line":83,"column":6},"end":{"line":113,"column":7}},{"start":{},"end":{}}],"line":83},"8":{"loc":{"start":{"line":92,"column":18},"end":{"line":98,"column":19}},"type":"if","locations":[{"start":{"line":92,"column":18},"end":{"line":98,"column":19}},{"start":{},"end":{}}],"line":92},"9":{"loc":{"start":{"line":133,"column":6},"end":{"line":139,"column":7}},"type":"if","locations":[{"start":{"line":133,"column":6},"end":{"line":139,"column":7}},{"start":{"line":135,"column":13},"end":{"line":139,"column":7}}],"line":133},"10":{"loc":{"start":{"line":135,"column":13},"end":{"line":139,"column":7}},"type":"if","locations":[{"start":{"line":135,"column":13},"end":{"line":139,"column":7}},{"start":{"line":137,"column":13},"end":{"line":139,"column":7}}],"line":135},"11":{"loc":{"start":{"line":137,"column":13},"end":{"line":139,"column":7}},"type":"if","locations":[{"start":{"line":137,"column":13},"end":{"line":139,"column":7}},{"start":{},"end":{}}],"line":137},"12":{"loc":{"start":{"line":168,"column":18},"end":{"line":168,"column":63}},"type":"cond-expr","locations":[{"start":{"line":168,"column":42},"end":{"line":168,"column":51}},{"start":{"line":168,"column":54},"end":{"line":168,"column":63}}],"line":168}},"s":{"0":1,"1":0,"2":0,"3":0,"4":0,"5":0,"6":0,"7":0,"8":0,"9":0,"10":0,"11":0,"12":0,"13":0,"14":0,"15":0,"16":0,"17":0,"18":0,"19":0,"20":0,"21":0,"22":0,"23":0,"24":0,"25":0,"26":0,"27":0,"28":0,"29":0,"30":0,"31":0,"32":0,"33":0,"34":0,"35":0,"36":0,"37":0,"38":0,"39":0,"40":0,"41":0,"42":0,"43":0,"44":0,"45":0,"46":0,"47":0,"48":0,"49":0,"50":0,"51":0,"52":0,"53":0,"54":0,"55":0,"56":0,"57":0,"58":0,"59":0,"60":1},"f":{"0":0,"1":0,"2":0,"3":0,"4":0,"5":0,"6":0},"b":{"0":[0,0],"1":[0,0],"2":[0,0],"3":[0,0],"4":[0,0],"5":[0,0],"6":[0,0],"7":[0,0],"8":[0,0],"9":[0,0],"10":[0,0],"11":[0,0],"12":[0,0]},"_coverageSchema":"1a1c01bbd47fc00a2c39e90264f33305004495a9","hash":"8f189bd0ded86dbbc88b31335c694f39cc2fc536"}
,"C:\\Users\\jasmi\\Dev\\CampusPubCompanion\\services\\favoritesService.js": {"path":"C:\\Users\\jasmi\\Dev\\CampusPubCompanion\\services\\favoritesService.js","statementMap":{"0":{"start":{"line":4,"column":27},"end":{"line":14,"column":1}},"1":{"start":{"line":5,"column":14},"end":{"line":5,"column":68}},"2":{"start":{"line":6,"column":2},"end":{"line":13,"column":5}},"3":{"start":{"line":16,"column":30},"end":{"line":19,"column":1}},"4":{"start":{"line":17,"column":14},"end":{"line":17,"column":67}},"5":{"start":{"line":18,"column":2},"end":{"line":18,"column":23}},"6":{"start":{"line":21,"column":28},"end":{"line":35,"column":1}},"7":{"start":{"line":22,"column":14},"end":{"line":22,"column":58}},"8":{"start":{"line":23,"column":19},"end":{"line":23,"column":37}},"9":{"start":{"line":25,"column":2},"end":{"line":34,"column":5}},"10":{"start":{"line":26,"column":17},"end":{"line":26,"column":27}},"11":{"start":{"line":27,"column":4},"end":{"line":33,"column":6}}},"fnMap":{"0":{"name":"(anonymous_0)","decl":{"start":{"line":4,"column":27},"end":{"line":4,"column":28}},"loc":{"start":{"line":4,"column":51},"end":{"line":14,"column":1}},"line":4},"1":{"name":"(anonymous_1)","decl":{"start":{"line":16,"column":30},"end":{"line":16,"column":31}},"loc":{"start":{"line":16,"column":56},"end":{"line":19,"column":1}},"line":16},"2":{"name":"(anonymous_2)","decl":{"start":{"line":21,"column":28},"end":{"line":21,"column":29}},"loc":{"start":{"line":21,"column":46},"end":{"line":35,"column":1}},"line":21},"3":{"name":"(anonymous_3)","decl":{"start":{"line":25,"column":27},"end":{"line":25,"column":28}},"loc":{"start":{"line":25,"column":36},"end":{"line":34,"column":3}},"line":25}},"branchMap":{"0":{"loc":{"start":{"line":10,"column":17},"end":{"line":10,"column":39}},"type":"binary-expr","locations":[{"start":{"line":10,"column":17},"end":{"line":10,"column":33}},{"start":{"line":10,"column":37},"end":{"line":10,"column":39}}],"line":10},"1":{"loc":{"start":{"line":11,"column":11},"end":{"line":11,"column":27}},"type":"binary-expr","locations":[{"start":{"line":11,"column":11},"end":{"line":11,"column":21}},{"start":{"line":11,"column":25},"end":{"line":11,"column":27}}],"line":11},"2":{"loc":{"start":{"line":31,"column":19},"end":{"line":31,"column":41}},"type":"binary-expr","locations":[{"start":{"line":31,"column":19},"end":{"line":31,"column":35}},{"start":{"line":31,"column":39},"end":{"line":31,"column":41}}],"line":31},"3":{"loc":{"start":{"line":32,"column":13},"end":{"line":32,"column":29}},"type":"binary-expr","locations":[{"start":{"line":32,"column":13},"end":{"line":32,"column":23}},{"start":{"line":32,"column":27},"end":{"line":32,"column":29}}],"line":32}},"s":{"0":1,"1":0,"2":0,"3":1,"4":0,"5":0,"6":1,"7":0,"8":0,"9":0,"10":0,"11":0},"f":{"0":0,"1":0,"2":0,"3":0},"b":{"0":[0,0],"1":[0,0],"2":[0,0],"3":[0,0]},"_coverageSchema":"1a1c01bbd47fc00a2c39e90264f33305004495a9","hash":"89980f31ae9ed9a0490dabd94bd7789f0cf18522"}
}
